A51 MACRO ASSEMBLER  STACK                                                                01/24/2023 14:48:54 PAGE     1


MACRO ASSEMBLER A51 V8.2.5.0
OBJECT MODULE PLACED IN .\Objects\stack.obj
ASSEMBLER INVOKED BY: C:\Keil_v5\C51\BIN\A51.EXE stack.asm SET(SMALL) DEBUG PRINT(.\Listings\stack.lst) OBJECT(.\Objects
                      \stack.obj) EP

LOC  OBJ            LINE     SOURCE

0000                   1     ORG 0000H

0000 7E25              2             MOV R6, #25H

0002 790C              3             MOV R1, #12

0004 7CF3              4             MOV R4, #0F3H

0006 C006              5             PUSH 6

0008 C001              6             PUSH 1

000A C004              7             PUSH 4

000C D007              8             POP 7

000E D005              9             POP 5

0010 D003             10             POP 3

                      11     END

A51 MACRO ASSEMBLER  STACK                                                                01/24/2023 14:48:54 PAGE     2

SYMBOL TABLE LISTING
------ ----- -------


N A M E             T Y P E  V A L U E   ATTRIBUTES



REGISTER BANK(S) USED: 0 


ASSEMBLY COMPLETE.  0 WARNING(S), 0 ERROR(S)
