A51 MACRO ASSEMBLER  TASK1_3B                                                             01/17/2023 22:38:34 PAGE     1


MACRO ASSEMBLER A51 V8.2.5.0
OBJECT MODULE PLACED IN .\Objects\task1_3b.obj
ASSEMBLER INVOKED BY: C:\Keil_v5\C51\BIN\A51.EXE task1_3b.asm SET(SMALL) DEBUG PRINT(.\Listings\task1_3b.lst) OBJECT(.\O
                      bjects\task1_3b.obj) EP

LOC  OBJ            LINE     SOURCE

0000                   1     ORG 0000H

0000 7425              2             MOV A, #25H

0002 7840              3             MOV R0, #40H

0004 F6                4             MOV @R0, A

0005 08                5             INC R0

0006 F6                6             MOV @R0, A

0007 08                7             INC R0

0008 F6                8             MOV @R0, A

0009 08                9             INC R0

000A F6               10             MOV @R0, A

000B 08               11             INC R0

000C F6               12             MOV @R0, A

000D 08               13             INC R0

000E F6               14             MOV @R0, A

                      15     END

A51 MACRO ASSEMBLER  TASK1_3B                                                             01/17/2023 22:38:34 PAGE     2

SYMBOL TABLE LISTING
------ ----- -------


N A M E             T Y P E  V A L U E   ATTRIBUTES



REGISTER BANK(S) USED: 0 


ASSEMBLY COMPLETE.  0 WARNING(S), 0 ERROR(S)
