A51 MACRO ASSEMBLER  TASK4_1                                                              03/15/2023 21:49:22 PAGE     1


MACRO ASSEMBLER A51 V8.2.5.0
OBJECT MODULE PLACED IN .\Objects\task4_1.obj
ASSEMBLER INVOKED BY: C:\Keil_v5\C51\BIN\A51.EXE task4_1.asm SET(SMALL) DEBUG PRINT(.\Listings\task4_1.lst) OBJECT(.\Obj
                      ects\task4_1.obj) EP

LOC  OBJ            LINE     SOURCE

0000                   1     ORG 0000H

0000 758920            2             MOV TMOD, #20H

0003 758DFD            3             MOV TH1, #-3

0006 759850            4             MOV SCON, #50H

0009 D28E              5             SETB TR1

000B                   6             AGAIN: 

000B 744B              7                             MOV A, #"K"

000D 1129              8                             ACALL TRANS

000F 7453              9                             MOV A, #"S"

0011 1129             10                             ACALL TRANS

0013 7448             11                             MOV A, #"H"

0015 1129             12                             ACALL TRANS

0017 7449             13                             MOV A, #"I"

0019 1129             14                             ACALL TRANS

001B 7454             15                             MOV A, #"T"

001D 1129             16                             ACALL TRANS

001F 7449             17                             MOV A, #"I"

0021 1129             18                             ACALL TRANS

0023 745A             19                             MOV A, #"Z"

0025 1129             20                             ACALL TRANS

0027 80E2             21                             SJMP AGAIN

0029 F599             22             TRANS: MOV SBUF, A

002B 3099FD           23             HERE: JNB TI, HERE

002E C299             24             CLR TI

0030 22               25             RET

                      26     END

A51 MACRO ASSEMBLER  TASK4_1                                                              03/15/2023 21:49:22 PAGE     2

SYMBOL TABLE LISTING
------ ----- -------


N A M E             T Y P E  V A L U E   ATTRIBUTES

AGAIN. . . . . . .  C ADDR   000BH   A   
HERE . . . . . . .  C ADDR   002BH   A   
SBUF . . . . . . .  D ADDR   0099H   A   
SCON . . . . . . .  D ADDR   0098H   A   
TH1. . . . . . . .  D ADDR   008DH   A   
TI . . . . . . . .  B ADDR   0098H.1 A   
TMOD . . . . . . .  D ADDR   0089H   A   
TR1. . . . . . . .  B ADDR   0088H.6 A   
TRANS. . . . . . .  C ADDR   0029H   A   


REGISTER BANK(S) USED: 0 


ASSEMBLY COMPLETE.  0 WARNING(S), 0 ERROR(S)
